<?xml version="1.0" encoding="UTF-8"?>
<testng-results skipped="0" failed="0" total="1" passed="1">
  <reporter-output>
  </reporter-output>
  <suite name="Suite" duration-ms="1028" started-at="2015-06-05T20:59:25Z" finished-at="2015-06-05T20:59:26Z">
    <groups>
    </groups>
    <test name="Test" duration-ms="1028" started-at="2015-06-05T20:59:25Z" finished-at="2015-06-05T20:59:26Z">
      <class name="bluesource.testreddit">
        <test-method status="PASS" signature="orgReposTreeTest()[pri:0, instance:bluesource.testreddit@35f983a6]" name="orgReposTreeTest" duration-ms="1003" started-at="2015-06-05T16:59:25Z" finished-at="2015-06-05T16:59:26Z">
          <reporter-output>
          </reporter-output>
        </test-method> <!-- orgReposTreeTest -->
      </class> <!-- bluesource.testreddit -->
    </test> <!-- Test -->
  </suite> <!-- Suite -->
</testng-results>
